<?xml version="1.0" encoding="UTF-8"?>
<testsuite name="de.graeuler.garden.monitor.sensor.VoltageCurrentSensorTest" tests="4" skipped="0" failures="0" errors="0" timestamp="2018-04-25T20:31:28" hostname="laptop-1" time="8.461">
  <properties/>
  <testcase name="testCurrentReached" classname="de.graeuler.garden.monitor.sensor.VoltageCurrentSensorTest" time="0.002"/>
  <testcase name="testVoltageReached" classname="de.graeuler.garden.monitor.sensor.VoltageCurrentSensorTest" time="0.001"/>
  <testcase name="testCurrentReached" classname="de.graeuler.garden.monitor.sensor.VoltageCurrentSensorTest" time="0.024"/>
  <testcase name="testVoltageReached" classname="de.graeuler.garden.monitor.sensor.VoltageCurrentSensorTest" time="0.002"/>
  <system-out><![CDATA[]]></system-out>
  <system-err><![CDATA[[Test worker] INFO de.graeuler.garden.monitor.sensor.VoltageCurrentSensorTest$1 - 5000 mA: Setting current threshold range to 4950 - 5050
[Test worker] INFO de.graeuler.garden.monitor.sensor.VoltageCurrentSensorTest$1 - 5000 mV: Setting voltage threshold range to 4950 - 5050
[Test worker] INFO de.graeuler.garden.monitor.sensor.VoltageCurrentSensorTest$1 - 5001 mA: Setting current threshold range to 4951 - 5051
[Test worker] INFO de.graeuler.garden.monitor.sensor.VoltageCurrentSensorTest$1 - 5000 mA: Setting current threshold range to 4950 - 5050
[Test worker] INFO de.graeuler.garden.monitor.sensor.VoltageCurrentSensorTest$1 - 5000 mV: Setting voltage threshold range to 4950 - 5050
[Test worker] INFO de.graeuler.garden.monitor.sensor.VoltageCurrentSensorTest$1 - 5251 mV: Setting voltage threshold range to 5201 - 5301
[Test worker] INFO de.graeuler.garden.monitor.sensor.VoltageCurrentSensorTest$1 - 5000 mA: Setting current threshold range to 4950 - 5050
[Test worker] INFO de.graeuler.garden.monitor.sensor.VoltageCurrentSensorTest$1 - 5000 mV: Setting voltage threshold range to 4950 - 5050
[Test worker] INFO de.graeuler.garden.monitor.sensor.VoltageCurrentSensorTest$1 - 5001 mA: Setting current threshold range to 4951 - 5051
[Test worker] INFO de.graeuler.garden.monitor.sensor.VoltageCurrentSensorTest$1 - 5000 mA: Setting current threshold range to 4950 - 5050
[Test worker] INFO de.graeuler.garden.monitor.sensor.VoltageCurrentSensorTest$1 - 5000 mV: Setting voltage threshold range to 4950 - 5050
[Test worker] INFO de.graeuler.garden.monitor.sensor.VoltageCurrentSensorTest$1 - 5251 mV: Setting voltage threshold range to 5201 - 5301
]]></system-err>
</testsuite>
