<?xml version="1.0" encoding="UTF-8"?>
<testsuite name="de.graeuler.garden.monitor.util.ObjectSerializationUtilTest" tests="4" skipped="0" failures="0" errors="0" timestamp="2018-04-25T20:31:27" hostname="laptop-1" time="12.744">
  <properties/>
  <testcase name="testDeSerialize" classname="de.graeuler.garden.monitor.util.ObjectSerializationUtilTest" time="0.0"/>
  <testcase name="testMultiChunkDeSerialize" classname="de.graeuler.garden.monitor.util.ObjectSerializationUtilTest" time="0.965"/>
  <testcase name="testDeSerialize" classname="de.graeuler.garden.monitor.util.ObjectSerializationUtilTest" time="0.001"/>
  <testcase name="testMultiChunkDeSerialize" classname="de.graeuler.garden.monitor.util.ObjectSerializationUtilTest" time="1.039"/>
  <system-out><![CDATA[]]></system-out>
  <system-err><![CDATA[]]></system-err>
</testsuite>
