<?xml version="1.0" encoding="UTF-8"?>
<testsuite name="de.graeuler.garden.monitor.sensor.WaterLevelSensorTest" tests="4" skipped="0" failures="0" errors="0" timestamp="2018-04-25T20:31:28" hostname="laptop-1" time="8.419">
  <properties/>
  <testcase name="testDistanceReached" classname="de.graeuler.garden.monitor.sensor.WaterLevelSensorTest" time="0.0"/>
  <testcase name="testIsAccepted" classname="de.graeuler.garden.monitor.sensor.WaterLevelSensorTest" time="0.0"/>
  <testcase name="testDistanceReached" classname="de.graeuler.garden.monitor.sensor.WaterLevelSensorTest" time="0.001"/>
  <testcase name="testIsAccepted" classname="de.graeuler.garden.monitor.sensor.WaterLevelSensorTest" time="0.001"/>
  <system-out><![CDATA[]]></system-out>
  <system-err><![CDATA[[Test worker] INFO de.graeuler.garden.monitor.sensor.WaterLevelSensorTest$1 - Setting threshold range to 0 - 10
[Test worker] INFO de.graeuler.garden.monitor.sensor.WaterLevelSensorTest$1 - Setting threshold range to 140 - 160
[Test worker] INFO de.graeuler.garden.monitor.sensor.WaterLevelSensorTest$1 - Setting threshold range to 90 - 110
[Test worker] INFO de.graeuler.garden.monitor.sensor.WaterLevelSensorTest$1 - Setting threshold range to 0 - 10
[Test worker] INFO de.graeuler.garden.monitor.sensor.WaterLevelSensorTest$1 - Setting threshold range to 140 - 160
[Test worker] INFO de.graeuler.garden.monitor.sensor.WaterLevelSensorTest$1 - Setting threshold range to 90 - 110
]]></system-err>
</testsuite>
