<?xml version="1.0" encoding="UTF-8"?>
<testsuite name="de.graeuler.garden.monitor.util.VnStatPosTest" tests="4" skipped="0" failures="0" errors="0" timestamp="2018-04-25T20:31:28" hostname="laptop-1" time="11.623">
  <properties/>
  <testcase name="testReadValueFromVnStatResult" classname="de.graeuler.garden.monitor.util.VnStatPosTest" time="0.007"/>
  <testcase name="testReadNonDoublePositionThrowsParseException" classname="de.graeuler.garden.monitor.util.VnStatPosTest" time="0.0"/>
  <testcase name="testReadValueFromVnStatResult" classname="de.graeuler.garden.monitor.util.VnStatPosTest" time="0.0"/>
  <testcase name="testReadNonDoublePositionThrowsParseException" classname="de.graeuler.garden.monitor.util.VnStatPosTest" time="0.0"/>
  <system-out><![CDATA[]]></system-out>
  <system-err><![CDATA[]]></system-err>
</testsuite>
