<?xml version="1.0" encoding="UTF-8"?>
<testsuite name="de.graeuler.garden.monitor.service.SensorMonitorServiceTest" tests="2" skipped="0" failures="0" errors="0" timestamp="2018-04-25T20:31:28" hostname="laptop-1" time="10.681">
  <properties/>
  <testcase name="testDeviceFoundAndChecked" classname="de.graeuler.garden.monitor.service.SensorMonitorServiceTest" time="0.044"/>
  <testcase name="testDeviceFoundAndChecked" classname="de.graeuler.garden.monitor.service.SensorMonitorServiceTest" time="0.002"/>
  <system-out><![CDATA[]]></system-out>
  <system-err><![CDATA[[Test worker] INFO de.graeuler.garden.monitor.service.SensorMonitorService - no handler found for device null
[Test worker] INFO de.graeuler.garden.monitor.service.SensorMonitorService - no handler found for device null
]]></system-err>
</testsuite>
