<?xml version="1.0" encoding="UTF-8"?>
<testsuite name="de.graeuler.garden.config.StreamHasherTest" tests="1" skipped="0" failures="0" errors="0" timestamp="2018-01-06T17:16:16" hostname="laptop-1" time="0.0">
  <properties/>
  <testcase name="testHash" classname="de.graeuler.garden.config.StreamHasherTest" time="0.0"/>
  <system-out><![CDATA[]]></system-out>
  <system-err><![CDATA[]]></system-err>
</testsuite>
