<?xml version="1.0" encoding="UTF-8"?>
<testsuite name="de.graeuler.garden.monitor.util.BytesTest" tests="8" skipped="0" failures="0" errors="0" timestamp="2018-04-25T20:31:13" hostname="laptop-1" time="25.479">
  <properties/>
  <testcase name="testGetBytes" classname="de.graeuler.garden.monitor.util.BytesTest" time="0.003"/>
  <testcase name="testBestFit" classname="de.graeuler.garden.monitor.util.BytesTest" time="0.001"/>
  <testcase name="testFormat" classname="de.graeuler.garden.monitor.util.BytesTest" time="0.003"/>
  <testcase name="testConvertBytes" classname="de.graeuler.garden.monitor.util.BytesTest" time="0.0"/>
  <testcase name="testGetBytes" classname="de.graeuler.garden.monitor.util.BytesTest" time="0.0"/>
  <testcase name="testBestFit" classname="de.graeuler.garden.monitor.util.BytesTest" time="0.0"/>
  <testcase name="testFormat" classname="de.graeuler.garden.monitor.util.BytesTest" time="0.0"/>
  <testcase name="testConvertBytes" classname="de.graeuler.garden.monitor.util.BytesTest" time="0.0"/>
  <system-out><![CDATA[]]></system-out>
  <system-err><![CDATA[]]></system-err>
</testsuite>
