<?xml version="1.0" encoding="UTF-8"?>
<testsuite name="de.graeuler.garden.monitor.model.TFDeviceTest" tests="4" skipped="0" failures="0" errors="0" timestamp="2018-04-25T20:31:28" hostname="laptop-1" time="8.534">
  <properties/>
  <testcase name="testCreate" classname="de.graeuler.garden.monitor.model.TFDeviceTest" time="0.005"/>
  <testcase name="testClassIsA" classname="de.graeuler.garden.monitor.model.TFDeviceTest" time="0.0"/>
  <testcase name="testCreate" classname="de.graeuler.garden.monitor.model.TFDeviceTest" time="0.0"/>
  <testcase name="testClassIsA" classname="de.graeuler.garden.monitor.model.TFDeviceTest" time="0.0"/>
  <system-out><![CDATA[]]></system-out>
  <system-err><![CDATA[]]></system-err>
</testsuite>
