<?xml version="1.0" encoding="UTF-8"?>
<testsuite name="de.graeuler.garden.data.JsonDataConverterTest" tests="2" skipped="0" failures="0" errors="0" timestamp="2018-04-25T20:31:27" hostname="laptop-1" time="9.679">
  <properties/>
  <testcase name="testConvert" classname="de.graeuler.garden.data.JsonDataConverterTest" time="0.05"/>
  <testcase name="testConvert" classname="de.graeuler.garden.data.JsonDataConverterTest" time="0.008"/>
  <system-out><![CDATA[]]></system-out>
  <system-err><![CDATA[]]></system-err>
</testsuite>
