<?xml version="1.0" encoding="UTF-8"?>
<testsuite name="de.graeuler.garden.uplink.HttpUplinkServiceTest" tests="2" skipped="0" failures="0" errors="0" timestamp="2018-04-25T20:31:27" hostname="laptop-1" time="16.968">
  <properties/>
  <testcase name="testPushData" classname="de.graeuler.garden.uplink.HttpUplinkServiceTest" time="0.163"/>
  <testcase name="testPushData" classname="de.graeuler.garden.uplink.HttpUplinkServiceTest" time="0.0"/>
  <system-out><![CDATA[]]></system-out>
  <system-err><![CDATA[[Test worker] INFO de.graeuler.garden.uplink.HttpUplinkService - 24 bytes of data pushed to uplink.
[Test worker] INFO de.graeuler.garden.uplink.HttpUplinkService - 24 bytes of data pushed to uplink.
[Test worker] ERROR de.graeuler.garden.uplink.HttpUplinkService - HTTP ERROR 500: mocked
[Test worker] INFO de.graeuler.garden.uplink.HttpUplinkService - 24 bytes of data pushed to uplink.
[Test worker] INFO de.graeuler.garden.uplink.HttpUplinkService - 24 bytes of data pushed to uplink.
[Test worker] ERROR de.graeuler.garden.uplink.HttpUplinkService - HTTP ERROR 500: mocked
]]></system-err>
</testsuite>
