<?xml version="1.0" encoding="UTF-8"?>
<testsuite name="de.graeuler.garden.uplink.DataCollectionMonitorTest" tests="6" skipped="0" failures="0" errors="0" timestamp="2018-04-25T20:31:13" hostname="laptop-1" time="30.413">
  <properties/>
  <testcase name="testEmptyDataCollector" classname="de.graeuler.garden.uplink.DataCollectionMonitorTest" time="2.027"/>
  <testcase name="testUploadFails" classname="de.graeuler.garden.uplink.DataCollectionMonitorTest" time="1.002"/>
  <testcase name="testUploadIsCalled" classname="de.graeuler.garden.uplink.DataCollectionMonitorTest" time="1.005"/>
  <testcase name="testEmptyDataCollector" classname="de.graeuler.garden.uplink.DataCollectionMonitorTest" time="2.007"/>
  <testcase name="testUploadFails" classname="de.graeuler.garden.uplink.DataCollectionMonitorTest" time="1.002"/>
  <testcase name="testUploadIsCalled" classname="de.graeuler.garden.uplink.DataCollectionMonitorTest" time="1.0"/>
  <system-out><![CDATA[]]></system-out>
  <system-err><![CDATA[]]></system-err>
</testsuite>
